<?xml version="1.0" encoding="UTF-8"?>
<!-- Generated by org.testng.reporters.JUnitXMLReporter -->
<testsuite ignored="3" hostname="MAASDS03342X" failures="1" tests="1" name="Command line test" time="0.868" errors="0" timestamp="2025-07-13T14:16:35 IST">
  <testcase classname="tests.CrudTest" name="validateGetUsersPage2" time="0.821">
    <failure type="java.lang.IllegalArgumentException" message="Specification to merge with cannot be null">
      <![CDATA[java.lang.IllegalArgumentException: Specification to merge with cannot be null
at org.codehaus.groovy.runtime.callsite.ConstructorSite$ConstructorSiteNoUnwrap.callConstructor(ConstructorSite.java:86)
at org.codehaus.groovy.runtime.callsite.CallSiteArray.defaultCallConstructor(CallSiteArray.java:57)
at org.codehaus.groovy.runtime.callsite.AbstractCallSite.callConstructor(AbstractCallSite.java:263)
at org.codehaus.groovy.runtime.callsite.AbstractCallSite.callConstructor(AbstractCallSite.java:277)
at io.restassured.internal.common.assertion.AssertParameter.notNull(AssertParameter.groovy:26)
at io.restassured.internal.common.assertion.AssertParameter$notNull.callStatic(Unknown Source)
at org.codehaus.groovy.runtime.callsite.CallSiteArray.defaultCallStatic(CallSiteArray.java:53)
at org.codehaus.groovy.runtime.callsite.AbstractCallSite.callStatic(AbstractCallSite.java:217)
at org.codehaus.groovy.runtime.callsite.AbstractCallSite.callStatic(AbstractCallSite.java:240)
at io.restassured.internal.SpecificationMerger.merge(SpecificationMerger.groovy:94)
at io.restassured.internal.SpecificationMerger$merge.call(Unknown Source)
at org.codehaus.groovy.runtime.callsite.CallSiteArray.defaultCall(CallSiteArray.java:45)
at org.codehaus.groovy.runtime.callsite.AbstractCallSite.call(AbstractCallSite.java:125)
at org.codehaus.groovy.runtime.callsite.AbstractCallSite.call(AbstractCallSite.java:148)
at io.restassured.internal.RequestSpecificationImpl.spec(RequestSpecificationImpl.groovy:944)
at tests.CrudTest.validateGetUsersPage2(CrudTest.java:107)
at java.base/java.util.ArrayList.forEach(ArrayList.java:1596)
at tests.TestConfig.main(TestConfig.java:15)
... Removed 27 stack frames]]>
    </failure>
  </testcase> <!-- validateGetUsersPage2 -->
  <testcase classname="tests.CrudTest" name="validateUserTest" time="0.0">
    <ignored/>
  </testcase> <!-- validateUserTest -->
  <testcase classname="tests.CrudTest" name="getInvalidEndpoint_shouldReturn404" time="0.0">
    <ignored/>
  </testcase> <!-- getInvalidEndpoint_shouldReturn404 -->
  <testcase classname="tests.CrudTest" name="validateGetUser" time="0.0">
    <ignored/>
  </testcase> <!-- validateGetUser -->
</testsuite> <!-- Command line test -->
